
SQL*Loader: Release 10.2.0.1.0 - Production on Wed Jul 15 14:08:35 2009

Copyright (c) 1982, 2005, Oracle.  All rights reserved.

Control File:   cadcustom_DCPYEMPL.CTL
Data File:      \\Accounting\D\CAD-USER\CMIC.CONV\testloadingchkloc.txt
  Bad File:     cadcustom_PYEMPL.bad
  Discard File:  none specified
 
 (Allow all discards)

Number to load: ALL
Number to skip: 3
Errors allowed: 50
Bind array:     64 rows, maximum of 256000 bytes
Continuation:    none specified
Path used:      Conventional

Table DA1.PYEMPLOYEE_TABLE, loaded from every logical record.
Insert option in effect for this table: TRUNCATE
TRAILING NULLCOLS option in effect

   Column Name                  Position   Len  Term Encl Datatype
------------------------------ ---------- ----- ---- ---- ---------------------
EMP_NO                              FIRST     *   ,  O(") CHARACTER            
    SQL string for column : "lpad(rtrim(ltrim(:EMP_NO)),5,0)"
EMP_CKLOC_CODE                       NEXT     *   ,  O(") CHARACTER            


Table DA1.PYEMPLOYEE_TABLE:
  975 Rows successfully loaded.
  0 Rows not loaded due to data errors.
  0 Rows not loaded because all WHEN clauses were failed.
  0 Rows not loaded because all fields were null.


Space allocated for bind array:                  33024 bytes(64 rows)
Read   buffer bytes: 1048576

Total logical records skipped:          3
Total logical records read:           975
Total logical records rejected:         0
Total logical records discarded:        0

Run began on Wed Jul 15 14:08:35 2009
Run ended on Wed Jul 15 14:08:36 2009

Elapsed time was:     00:00:00.13
CPU time was:         00:00:00.03
