
SQL*Loader: Release 11.2.0.2.0 - Production on Thu Mar 28 12:05:55 2013

Copyright (c) 1982, 2009, Oracle and/or its affiliates.  All rights reserved.

Control File:   C:\MISC\ORACLE\SQL\SchoolCards_Load\school_cards.ctl
Data File:      C:\MISC\ORACLE\data\SchoolCards_Load\BPS_ExtraSVStudent2013.csv
  Bad File:     C:\MISC\oracle\data\SchoolCards_Load\BPS_ExtraSVStudent2013.bad
  Discard File:  none specified
 
 (Allow all discards)

Number to load: ALL
Number to skip: 0
Errors allowed: 1
Bind array:     64 rows, maximum of 256000 bytes
Continuation:    none specified
Path used:      Conventional

Table SCHOOLCARDS, loaded from every logical record.
Insert option in effect for this table: APPEND
TRAILING NULLCOLS option in effect

   Column Name                  Position   Len  Term Encl Datatype
------------------------------ ---------- ----- ---- ---- ---------------------
SEQUENCE                            FIRST     *   ,  O(") CHARACTER            
    SQL string for column : "ltrim(rtrim(:SEQUENCE))"
CHARLIECARD                          NEXT     *   ,  O(") CHARACTER            
    SQL string for column : "ltrim(rtrim(:CHARLIECARD))"
SCHOOLIDX                            NEXT     *   ,  O(") CHARACTER            
    SQL string for column : "ltrim(rtrim(:SCHOOLIDX))"
BLOCKDATE                            NEXT     *   ,  O(") CHARACTER            
    SQL string for column : "ltrim(rtrim(:BLOCKDATE))"
TYPEBLOCK                            NEXT     *   ,  O(") CHARACTER            
    SQL string for column : "ltrim(rtrim(:TYPEBLOCK))"
ASSIGNED                             NEXT     *   ,  O(") CHARACTER            
    SQL string for column : "ltrim(rtrim(:ASSIGNED))"
WHOBLOCKED                           NEXT     *   ,  O(") CHARACTER            
    SQL string for column : "ltrim(rtrim(:WHOBLOCKED))"
DAYSVALID                            NEXT     *   ,  O(") CHARACTER            
    SQL string for column : "ltrim(rtrim(:DAYSVALID))"
ASSIGNEDTO                           NEXT     *   ,  O(") CHARACTER            
    SQL string for column : "ltrim(rtrim(:ASSIGNEDTO))"
MONTHLYUSAGE                         NEXT     *   ,  O(") CHARACTER            
    SQL string for column : "ltrim(rtrim(:MONTHLYUSAGE))"


Table SCHOOLCARDS:
  1000 Rows successfully loaded.
  0 Rows not loaded due to data errors.
  0 Rows not loaded because all WHEN clauses were failed.
  0 Rows not loaded because all fields were null.


Space allocated for bind array:                 165120 bytes(64 rows)
Read   buffer bytes: 1048576

Total logical records skipped:          0
Total logical records read:          1000
Total logical records rejected:         0
Total logical records discarded:        0

Run began on Thu Mar 28 12:05:55 2013
Run ended on Thu Mar 28 12:06:01 2013

Elapsed time was:     00:00:03.00
CPU time was:         00:00:00.09
