
SQL*Loader: Release 11.2.0.2.0 - Production on Wed Mar 27 17:19:19 2013

Copyright (c) 1982, 2009, Oracle and/or its affiliates.  All rights reserved.

Control File:   C:\MISC\ORACLE\SQL\BPSActivePasses_NotUsed\BPSActivePasses.ctl
Data File:      C:\MISC\ORACLE\data\BPSActivePasses_NotUsed\input\BPSActivePasses022013.txt
  Bad File:     C:\MISC\ORACLE\SQL\BPSActivePasses_NotUsed\BPSActivePasses_bad.bad
  Discard File:  none specified
 
 (Allow all discards)

Number to load: ALL
Number to skip: 1
Errors allowed: 1
Bind array:     64 rows, maximum of 256000 bytes
Continuation:    none specified
Path used:      Conventional

Table MBTA.MBTA_TEMP_BPSCHOOL_ACT_PASSES, loaded from every logical record.
Insert option in effect for this table: TRUNCATE
TRAILING NULLCOLS option in effect

   Column Name                  Position   Len  Term Encl Datatype
------------------------------ ---------- ----- ---- ---- ---------------------
BPSAP_ID                            FIRST     *   ,  O(") CHARACTER            
BPSAP_SERIALNO                       NEXT     *   ,  O(") CHARACTER            


Table MBTA.MBTA_TEMP_BPSCHOOL_ACT_PASSES:
  14973 Rows successfully loaded.
  0 Rows not loaded due to data errors.
  0 Rows not loaded because all WHEN clauses were failed.
  0 Rows not loaded because all fields were null.


Space allocated for bind array:                  33024 bytes(64 rows)
Read   buffer bytes: 1048576

Total logical records skipped:          1
Total logical records read:         14973
Total logical records rejected:         0
Total logical records discarded:        0

Run began on Wed Mar 27 17:19:19 2013
Run ended on Wed Mar 27 17:19:45 2013

Elapsed time was:     00:00:11.61
CPU time was:         00:00:00.10
