
SQL*Loader: Release 11.2.0.2.0 - Production on Mon Apr 1 16:09:00 2013

Copyright (c) 1982, 2009, Oracle and/or its affiliates.  All rights reserved.

Control File:   C:\MISC\ORACLE\SQL\Corporate_Usage\corporate_usage.ctl
Data File:      C:\MISC\ORACLE\data\Corporate_Usage\input\Corporate_usage_input_02_13.csv
  Bad File:     C:\MISC\ORACLE\SQL\Corporate_Usage\corporate_usage_bad.bad
  Discard File:  none specified
 
 (Allow all discards)

Number to load: ALL
Number to skip: 1
Errors allowed: 1
Bind array:     64 rows, maximum of 256000 bytes
Continuation:    none specified
Path used:      Conventional

Table MBTA_TEMP_CORPORATE_USAGE, loaded from every logical record.
Insert option in effect for this table: TRUNCATE
TRAILING NULLCOLS option in effect

   Column Name                  Position   Len  Term Encl Datatype
------------------------------ ---------- ----- ---- ---- ---------------------
COMPANY_ID                          FIRST     *   ,  O(") CHARACTER            
    SQL string for column : "ltrim(:company_id )"
COMPANY_NAME                         NEXT     *   ,  O(") CHARACTER            
    SQL string for column : "rtrim(ltrim(:company_Name))"
COMPANY_SERIALNO                     NEXT     *   ,  O(") CHARACTER            
    SQL string for column : "rtrim(ltrim(:company_serialno))"


Table MBTA_TEMP_CORPORATE_USAGE:
  13957 Rows successfully loaded.
  0 Rows not loaded due to data errors.
  0 Rows not loaded because all WHEN clauses were failed.
  0 Rows not loaded because all fields were null.


Space allocated for bind array:                  49536 bytes(64 rows)
Read   buffer bytes: 1048576

Total logical records skipped:          1
Total logical records read:         13957
Total logical records rejected:         0
Total logical records discarded:        0

Run began on Mon Apr 01 16:09:00 2013
Run ended on Mon Apr 01 16:09:06 2013

Elapsed time was:     00:00:04.05
CPU time was:         00:00:00.11
