
SQL*Loader: Release 11.2.0.2.0 - Production on Thu Feb 16 16:04:25 2012

Copyright (c) 1982, 2009, Oracle and/or its affiliates.  All rights reserved.

Control File:   C:\MISC\ORACLE\SQL\Corporate_Usage\removed_from_acct_corporate_accts.ctl
Data File:      C:\MISC\oracle\data\Corporate_Usage\input\RemovedFromAccount-20120214112303.csv
  Bad File:     C:\MISC\oracle\sql\Corporate_Usage\RemovedFromAccount-20120214112303.bad
  Discard File:  none specified
 
 (Allow all discards)

Number to load: ALL
Number to skip: 1
Errors allowed: 1
Bind array:     64 rows, maximum of 256000 bytes
Continuation:    none specified
Path used:      Conventional

Table MBTA_TEMP_CORPORATE_USAGE_1, loaded from every logical record.
Insert option in effect for this table: TRUNCATE
TRAILING NULLCOLS option in effect

   Column Name                  Position   Len  Term Encl Datatype
------------------------------ ---------- ----- ---- ---- ---------------------
COMPANY_SERIALNO                    FIRST     *   ,  O(") CHARACTER            
    SQL string for column : "rtrim(ltrim(:company_serialno))"


Table MBTA_TEMP_CORPORATE_USAGE_1:
  107449 Rows successfully loaded.
  0 Rows not loaded due to data errors.
  0 Rows not loaded because all WHEN clauses were failed.
  0 Rows not loaded because all fields were null.


Space allocated for bind array:                  16512 bytes(64 rows)
Read   buffer bytes: 1048576

Total logical records skipped:          1
Total logical records read:        107449
Total logical records rejected:         0
Total logical records discarded:        0

Run began on Thu Feb 16 16:04:25 2012
Run ended on Thu Feb 16 16:04:59 2012

Elapsed time was:     00:00:19.41
CPU time was:         00:00:00.54
