
SQL*Loader: Release 10.2.0.1.0 - Production on Fri Jan 29 15:02:29 2010

Copyright (c) 1982, 2005, Oracle.  All rights reserved.

Control File:   D:\cm\2006\Conversion\cadcustom_uetd_extendedde.ctl
Data File:      \\Accounting\D\CAD-USER\CMIC.CONV\email.dd.txt
  Bad File:     D:\cm\2006\Conversion\cadcustom_acct_files\email.dd.bad
  Discard File:  none specified
 
 (Allow all discards)

Number to load: ALL
Number to skip: 3
Errors allowed: 50
Bind array:     64 rows, maximum of 256000 bytes
Continuation:    none specified
Path used:      Conventional

Table DA.UETD_EXTENDEDDE, loaded from every logical record.
Insert option in effect for this table: TRUNCATE
TRAILING NULLCOLS option in effect

   Column Name                  Position   Len  Term Encl Datatype
------------------------------ ---------- ----- ---- ---- ---------------------
EMP_NUM                             FIRST     *   ,  O(") CHARACTER            
ATTACH_SEQ                           NEXT     *   ,  O(") CHARACTER            
PYEMAILDD                            NEXT     *   ,  O(") CHARACTER            
PYEMAILAD                            NEXT     *   ,  O(") CHARACTER            


Table DA.UETD_EXTENDEDDE:
  1090 Rows successfully loaded.
  0 Rows not loaded due to data errors.
  0 Rows not loaded because all WHEN clauses were failed.
  0 Rows not loaded because all fields were null.


Space allocated for bind array:                  66048 bytes(64 rows)
Read   buffer bytes: 1048576

Total logical records skipped:          3
Total logical records read:          1090
Total logical records rejected:         0
Total logical records discarded:        0

Run began on Fri Jan 29 15:02:29 2010
Run ended on Fri Jan 29 15:02:29 2010

Elapsed time was:     00:00:00.97
CPU time was:         00:00:00.00
