
SQL*Loader: Release 10.2.0.1.0 - Production on Tue Dec 29 09:24:47 2009

Copyright (c) 1982, 2005, Oracle.  All rights reserved.

Control File:   cadcustom_pyempsecgrp.ctl
Data File:      \\Accounting\D\CAD-USER\CMIC.CONV\dcpyempsecgrp.txt
  Bad File:     cadcustom_pyempsecgrp.bad
  Discard File:  none specified
 
 (Allow all discards)

Number to load: ALL
Number to skip: 3
Errors allowed: 50
Bind array:     64 rows, maximum of 256000 bytes
Continuation:    none specified
Path used:      Conventional

Table DA.PYEMPSECGRP, loaded from every logical record.
Insert option in effect for this table: APPEND
TRAILING NULLCOLS option in effect

   Column Name                  Position   Len  Term Encl Datatype
------------------------------ ---------- ----- ---- ---- ---------------------
ESG_CODE                            FIRST     *   ,  O(") CHARACTER            
ESG_NAME                             NEXT     *   ,  O(") CHARACTER            


Table DA.PYEMPSECGRP:
  41 Rows successfully loaded.
  0 Rows not loaded due to data errors.
  0 Rows not loaded because all WHEN clauses were failed.
  0 Rows not loaded because all fields were null.


Space allocated for bind array:                  33024 bytes(64 rows)
Read   buffer bytes: 1048576

Total logical records skipped:          3
Total logical records read:            41
Total logical records rejected:         0
Total logical records discarded:        0

Run began on Tue Dec 29 09:24:47 2009
Run ended on Tue Dec 29 09:24:48 2009

Elapsed time was:     00:00:00.14
CPU time was:         00:00:00.03
