
SQL*Loader: Release 10.2.0.1.0 - Production on Thu Sep 10 10:20:34 2009

Copyright (c) 1982, 2005, Oracle.  All rights reserved.

Control File:   D:\cm\2006\Conversion\cadcustom_uetd_tables_files\cadcustom_uetd_buildersri.ctl
Data File:      \\Accounting\D\CAD-USER\CMIC.CONV\UETD\UETD_BUILDERSRI.txt
  Bad File:     D:\cm\2006\Conversion\cadcustom_uetd_tables_files\CADCUSTOM_UETD_BUILDERSRI.bad
  Discard File:  none specified
 
 (Allow all discards)

Number to load: ALL
Number to skip: 0
Errors allowed: 50
Bind array:     64 rows, maximum of 256000 bytes
Continuation:    none specified
Path used:      Conventional

Table DA.UETD_BUILDERSRI, loaded from every logical record.
Insert option in effect for this table: TRUNCATE
TRAILING NULLCOLS option in effect

   Column Name                  Position   Len  Term Encl Datatype
------------------------------ ---------- ----- ---- ---- ---------------------
PROJ_SEQ                            FIRST     *   ,  O(") CHARACTER            
ATTACH_SEQ                           NEXT     *   ,  O(") CHARACTER            
PMBRREQ                              NEXT     *   ,  O(") CHARACTER            
PMBRPSTART                           NEXT     *   ,  O(") DATE MM/DD/YYYY      
PMBRPEND                             NEXT     *   ,  O(") DATE MM/DD/YYYY      
PMBRASTART                           NEXT     *   ,  O(") DATE MM/DD/YYYY      
PMBRAEND                             NEXT     *   ,  O(") DATE MM/DD/YYYY      


Table DA.UETD_BUILDERSRI:
  76 Rows successfully loaded.
  0 Rows not loaded due to data errors.
  0 Rows not loaded because all WHEN clauses were failed.
  0 Rows not loaded because all fields were null.


Space allocated for bind array:                 115584 bytes(64 rows)
Read   buffer bytes: 1048576

Total logical records skipped:          0
Total logical records read:            76
Total logical records rejected:         0
Total logical records discarded:        0

Run began on Thu Sep 10 10:20:34 2009
Run ended on Thu Sep 10 10:20:34 2009

Elapsed time was:     00:00:00.59
CPU time was:         00:00:00.02
