SQL> 
SQL> 
SQL> -- Connect as materialized view administrator
SQL> -- =============================================
SQL> 
SQL> CONNECT mviewadmin/mviewadmin@mvdb
Connected.
SQL> 
SQL> -- Remove all snapshots objects
SQL> -- =============================================
SQL> -- #1 ------------------------------------------
SQL> BEGIN
  2  	DBMS_REPCAT.DROP_SNAPSHOT_REPOBJECT(
  3  	  oname => '"ACCESSLEVEL"',
  4  	  type => 'SNAPSHOT',
  5  	  sname => '"MBTA"',
  6  	  drop_objects => FALSE);
  7  END;
  8  /

PL/SQL procedure successfully completed.

SQL> BEGIN
  2  	DBMS_REPCAT.DROP_SNAPSHOT_REPOBJECT(
  3  	  oname => '"ALARMACTION"',
  4  	  type => 'SNAPSHOT',
  5  	  sname => '"MBTA"',
  6  	  drop_objects => FALSE);
  7  END;
  8  /

PL/SQL procedure successfully completed.

SQL> BEGIN
  2  	DBMS_REPCAT.DROP_SNAPSHOT_REPOBJECT(
  3  	  oname => '"ALARMEVENT"',
  4  	  type => 'SNAPSHOT',
  5  	  sname => '"MBTA"',
  6  	  drop_objects => FALSE);
  7  END;
  8  /

PL/SQL procedure successfully completed.

SQL> BEGIN
  2  	DBMS_REPCAT.DROP_SNAPSHOT_REPOBJECT(
  3  	  oname => '"ALARMSERVERCONFIG"',
  4  	  type => 'SNAPSHOT',
  5  	  sname => '"MBTA"',
  6  	  drop_objects => FALSE);
  7  END;
  8  /

PL/SQL procedure successfully completed.

SQL> 
SQL> -- #5 ------------------------------------------
SQL> BEGIN
  2  	DBMS_REPCAT.DROP_SNAPSHOT_REPOBJECT(
  3  	  oname => '"ALARMSERVERGROUP"',
  4  	  type => 'SNAPSHOT',
  5  	  sname => '"MBTA"',
  6  	  drop_objects => FALSE);
  7  END;
  8  /

PL/SQL procedure successfully completed.

SQL> BEGIN
  2  	DBMS_REPCAT.DROP_SNAPSHOT_REPOBJECT(
  3  	  oname => '"ALARMSERVERGROUP_ALARMEVENT"',
  4  	  type => 'SNAPSHOT',
  5  	  sname => '"MBTA"',
  6  	  drop_objects => FALSE);
  7  END;
  8  /

PL/SQL procedure successfully completed.

SQL> BEGIN
  2  	DBMS_REPCAT.DROP_SNAPSHOT_REPOBJECT(
  3  	  oname => '"ARTICLE"',
  4  	  type => 'SNAPSHOT',
  5  	  sname => '"MBTA"',
  6  	  drop_objects => FALSE);
  7  END;
  8  /

PL/SQL procedure successfully completed.

SQL> BEGIN
  2  	DBMS_REPCAT.DROP_SNAPSHOT_REPOBJECT(
  3  	  oname => '"ARTICLE_RELEASE"',
  4  	  type => 'SNAPSHOT',
  5  	  sname => '"MBTA"',
  6  	  drop_objects => FALSE);
  7  END;
  8  /

PL/SQL procedure successfully completed.

SQL> BEGIN
  2  	DBMS_REPCAT.DROP_SNAPSHOT_REPOBJECT(
  3  	  oname => '"BALANCEGROUP"',
  4  	  type => 'SNAPSHOT',
  5  	  sname => '"MBTA"',
  6  	  drop_objects => FALSE);
  7  END;
  8  /

PL/SQL procedure successfully completed.

SQL> 
SQL> -- #10 ------------------------------------------
SQL> BEGIN
  2  	DBMS_REPCAT.DROP_SNAPSHOT_REPOBJECT(
  3  	  oname => '"CASHTYPE"',
  4  	  type => 'SNAPSHOT',
  5  	  sname => '"MBTA"',
  6  	  drop_objects => FALSE);
  7  END;
  8  /

PL/SQL procedure successfully completed.

SQL> BEGIN
  2  	DBMS_REPCAT.DROP_SNAPSHOT_REPOBJECT(
  3  	  oname => '"COMPANY"',
  4  	  type => 'SNAPSHOT',
  5  	  sname => '"MBTA"',
  6  	  drop_objects => FALSE);
  7  END;
  8  /

PL/SQL procedure successfully completed.

SQL> BEGIN
  2  	DBMS_REPCAT.DROP_SNAPSHOT_REPOBJECT(
  3  	  oname => '"CURRENCIES"',
  4  	  type => 'SNAPSHOT',
  5  	  sname => '"MBTA"',
  6  	  drop_objects => FALSE);
  7  END;
  8  /

PL/SQL procedure successfully completed.

SQL> BEGIN
  2  	DBMS_REPCAT.DROP_SNAPSHOT_REPOBJECT(
  3  	  oname => '"DBCONNECTPARAMETER"',
  4  	  type => 'SNAPSHOT',
  5  	  sname => '"MBTA"',
  6  	  drop_objects => FALSE);
  7  END;
  8  /

PL/SQL procedure successfully completed.

SQL> BEGIN
  2  	DBMS_REPCAT.DROP_SNAPSHOT_REPOBJECT(
  3  	  oname => '"DEFAULTSTATIONGROUP"',
  4  	  type => 'SNAPSHOT',
  5  	  sname => '"MBTA"',
  6  	  drop_objects => FALSE);
  7  END;
  8  /

PL/SQL procedure successfully completed.

SQL> 
SQL> -- #15 ------------------------------------------
SQL> BEGIN
  2  	DBMS_REPCAT.DROP_SNAPSHOT_REPOBJECT(
  3  	  oname => '"DEVICECLASS"',
  4  	  type => 'SNAPSHOT',
  5  	  sname => '"MBTA"',
  6  	  drop_objects => FALSE);
  7  END;
  8  /

PL/SQL procedure successfully completed.

SQL> BEGIN
  2  	DBMS_REPCAT.DROP_SNAPSHOT_REPOBJECT(
  3  	  oname => '"DEVICECLASS_VERSIONS"',
  4  	  type => 'SNAPSHOT',
  5  	  sname => '"MBTA"',
  6  	  drop_objects => FALSE);
  7  END;
  8  /

PL/SQL procedure successfully completed.

SQL> BEGIN
  2  	DBMS_REPCAT.DROP_SNAPSHOT_REPOBJECT(
  3  	  oname => '"DEVICECONFIG"',
  4  	  type => 'SNAPSHOT',
  5  	  sname => '"MBTA"',
  6  	  drop_objects => FALSE);
  7  END;
  8  /

PL/SQL procedure successfully completed.

SQL> BEGIN
  2  	DBMS_REPCAT.DROP_SNAPSHOT_REPOBJECT(
  3  	  oname => '"EVENT"',
  4  	  type => 'SNAPSHOT',
  5  	  sname => '"MBTA"',
  6  	  drop_objects => FALSE);
  7  END;
  8  /

PL/SQL procedure successfully completed.

SQL> BEGIN
  2  	DBMS_REPCAT.DROP_SNAPSHOT_REPOBJECT(
  3  	  oname => '"EVENTGROUP"',
  4  	  type => 'SNAPSHOT',
  5  	  sname => '"MBTA"',
  6  	  drop_objects => FALSE);
  7  END;
  8  /

PL/SQL procedure successfully completed.

SQL> 
SQL> -- #20 ------------------------------------------
SQL> BEGIN
  2  	DBMS_REPCAT.DROP_SNAPSHOT_REPOBJECT(
  3  	  oname => '"FEPDATA"',
  4  	  type => 'SNAPSHOT',
  5  	  sname => '"MBTA"',
  6  	  drop_objects => FALSE);
  7  END;
  8  /

PL/SQL procedure successfully completed.

SQL> BEGIN
  2  	DBMS_REPCAT.DROP_SNAPSHOT_REPOBJECT(
  3  	  oname => '"FUNCTION"',
  4  	  type => 'SNAPSHOT',
  5  	  sname => '"MBTA"',
  6  	  drop_objects => FALSE);
  7  END;
  8  /

PL/SQL procedure successfully completed.

SQL> BEGIN
  2  	DBMS_REPCAT.DROP_SNAPSHOT_REPOBJECT(
  3  	  oname => '"FUNCTIONGROUP"',
  4  	  type => 'SNAPSHOT',
  5  	  sname => '"MBTA"',
  6  	  drop_objects => FALSE);
  7  END;
  8  /

PL/SQL procedure successfully completed.

SQL> BEGIN
  2  	DBMS_REPCAT.DROP_SNAPSHOT_REPOBJECT(
  3  	  oname => '"GRAPHICMAP"',
  4  	  type => 'SNAPSHOT',
  5  	  sname => '"MBTA"',
  6  	  drop_objects => FALSE);
  7  END;
  8  /

PL/SQL procedure successfully completed.

SQL> BEGIN
  2  	DBMS_REPCAT.DROP_SNAPSHOT_REPOBJECT(
  3  	  oname => '"GRAPHICPROPERTY"',
  4  	  type => 'SNAPSHOT',
  5  	  sname => '"MBTA"',
  6  	  drop_objects => FALSE);
  7  END;
  8  /

PL/SQL procedure successfully completed.

SQL> 
SQL> -- #25 ------------------------------------------
SQL> BEGIN
  2  	DBMS_REPCAT.DROP_SNAPSHOT_REPOBJECT(
  3  	  oname => '"HARDWARECOMPONENTS"',
  4  	  type => 'SNAPSHOT',
  5  	  sname => '"MBTA"',
  6  	  drop_objects => FALSE);
  7  END;
  8  /

PL/SQL procedure successfully completed.

SQL> BEGIN
  2  	DBMS_REPCAT.DROP_SNAPSHOT_REPOBJECT(
  3  	  oname => '"JOBTABLE"',
  4  	  type => 'SNAPSHOT',
  5  	  sname => '"MBTA"',
  6  	  drop_objects => FALSE);
  7  END;
  8  /

PL/SQL procedure successfully completed.

SQL> BEGIN
  2  	DBMS_REPCAT.DROP_SNAPSHOT_REPOBJECT(
  3  	  oname => '"LOCKDEPENDENCIES"',
  4  	  type => 'SNAPSHOT',
  5  	  sname => '"MBTA"',
  6  	  drop_objects => FALSE);
  7  END;
  8  /

PL/SQL procedure successfully completed.

SQL> BEGIN
  2  	DBMS_REPCAT.DROP_SNAPSHOT_REPOBJECT(
  3  	  oname => '"MASTERASSEMBLY"',
  4  	  type => 'SNAPSHOT',
  5  	  sname => '"MBTA"',
  6  	  drop_objects => FALSE);
  7  END;
  8  /

PL/SQL procedure successfully completed.

SQL> BEGIN
  2  	DBMS_REPCAT.DROP_SNAPSHOT_REPOBJECT(
  3  	  oname => '"MENUTREE"',
  4  	  type => 'SNAPSHOT',
  5  	  sname => '"MBTA"',
  6  	  drop_objects => FALSE);
  7  END;
  8  /

PL/SQL procedure successfully completed.

SQL> 
SQL> -- #30 ------------------------------------------
SQL> BEGIN
  2  	DBMS_REPCAT.DROP_SNAPSHOT_REPOBJECT(
  3  	  oname => '"MULTIMEDIAGROUP"',
  4  	  type => 'SNAPSHOT',
  5  	  sname => '"MBTA"',
  6  	  drop_objects => FALSE);
  7  END;
  8  /

PL/SQL procedure successfully completed.

SQL> BEGIN
  2  	DBMS_REPCAT.DROP_SNAPSHOT_REPOBJECT(
  3  	  oname => '"ORAERR"',
  4  	  type => 'SNAPSHOT',
  5  	  sname => '"MBTA"',
  6  	  drop_objects => FALSE);
  7  END;
  8  /

PL/SQL procedure successfully completed.

SQL> BEGIN
  2  	DBMS_REPCAT.DROP_SNAPSHOT_REPOBJECT(
  3  	  oname => '"PAYMENTCASHTYPE"',
  4  	  type => 'SNAPSHOT',
  5  	  sname => '"MBTA"',
  6  	  drop_objects => FALSE);
  7  END;
  8  /

PL/SQL procedure successfully completed.

SQL> BEGIN
  2  	DBMS_REPCAT.DROP_SNAPSHOT_REPOBJECT(
  3  	  oname => '"PAYMENTOPDATA"',
  4  	  type => 'SNAPSHOT',
  5  	  sname => '"MBTA"',
  6  	  drop_objects => FALSE);
  7  END;
  8  /

PL/SQL procedure successfully completed.

SQL> BEGIN
  2  	DBMS_REPCAT.DROP_SNAPSHOT_REPOBJECT(
  3  	  oname => '"PERMDETAIL"',
  4  	  type => 'SNAPSHOT',
  5  	  sname => '"MBTA"',
  6  	  drop_objects => FALSE);
  7  END;
  8  /

PL/SQL procedure successfully completed.

SQL> 
SQL> -- #35 ------------------------------------------
SQL> BEGIN
  2  	DBMS_REPCAT.DROP_SNAPSHOT_REPOBJECT(
  3  	  oname => '"PERMISSION"',
  4  	  type => 'SNAPSHOT',
  5  	  sname => '"MBTA"',
  6  	  drop_objects => FALSE);
  7  END;
  8  /

PL/SQL procedure successfully completed.

SQL> BEGIN
  2  	DBMS_REPCAT.DROP_SNAPSHOT_REPOBJECT(
  3  	  oname => '"PREVIOUSPASSWORD"',
  4  	  type => 'SNAPSHOT',
  5  	  sname => '"MBTA"',
  6  	  drop_objects => FALSE);
  7  END;
  8  /

PL/SQL procedure successfully completed.

SQL> BEGIN
  2  	DBMS_REPCAT.DROP_SNAPSHOT_REPOBJECT(
  3  	  oname => '"PREVIOUSPIN"',
  4  	  type => 'SNAPSHOT',
  5  	  sname => '"MBTA"',
  6  	  drop_objects => FALSE);
  7  END;
  8  /

PL/SQL procedure successfully completed.

SQL> BEGIN
  2  	DBMS_REPCAT.DROP_SNAPSHOT_REPOBJECT(
  3  	  oname => '"RELEASE"',
  4  	  type => 'SNAPSHOT',
  5  	  sname => '"MBTA"',
  6  	  drop_objects => FALSE);
  7  END;
  8  /

PL/SQL procedure successfully completed.

SQL> BEGIN
  2  	DBMS_REPCAT.DROP_SNAPSHOT_REPOBJECT(
  3  	  oname => '"RELEASE_VERSIONS"',
  4  	  type => 'SNAPSHOT',
  5  	  sname => '"MBTA"',
  6  	  drop_objects => FALSE);
  7  END;
  8  /

PL/SQL procedure successfully completed.

SQL> 
SQL> -- #40 ------------------------------------------
SQL> BEGIN
  2  	DBMS_REPCAT.DROP_SNAPSHOT_REPOBJECT(
  3  	  oname => '"ROUTES"',
  4  	  type => 'SNAPSHOT',
  5  	  sname => '"MBTA"',
  6  	  drop_objects => FALSE);
  7  END;
  8  /

PL/SQL procedure successfully completed.

SQL> BEGIN
  2  	DBMS_REPCAT.DROP_SNAPSHOT_REPOBJECT(
  3  	  oname => '"SCHEDULEELEMENT"',
  4  	  type => 'SNAPSHOT',
  5  	  sname => '"MBTA"',
  6  	  drop_objects => FALSE);
  7  END;
  8  /

PL/SQL procedure successfully completed.

SQL> BEGIN
  2  	DBMS_REPCAT.DROP_SNAPSHOT_REPOBJECT(
  3  	  oname => '"SCHEDULEGROUP"',
  4  	  type => 'SNAPSHOT',
  5  	  sname => '"MBTA"',
  6  	  drop_objects => FALSE);
  7  END;
  8  /

PL/SQL procedure successfully completed.

SQL> BEGIN
  2  	DBMS_REPCAT.DROP_SNAPSHOT_REPOBJECT(
  3  	  oname => '"SCHEDULEGROUPELEMENTS"',
  4  	  type => 'SNAPSHOT',
  5  	  sname => '"MBTA"',
  6  	  drop_objects => FALSE);
  7  END;
  8  /

PL/SQL procedure successfully completed.

SQL> BEGIN
  2  	DBMS_REPCAT.DROP_SNAPSHOT_REPOBJECT(
  3  	  oname => '"SCTVMRELATION"',
  4  	  type => 'SNAPSHOT',
  5  	  sname => '"MBTA"',
  6  	  drop_objects => FALSE);
  7  END;
  8  /

PL/SQL procedure successfully completed.

SQL> 
SQL> -- #45 ------------------------------------------
SQL> BEGIN
  2  	DBMS_REPCAT.DROP_SNAPSHOT_REPOBJECT(
  3  	  oname => '"SDRELEASE"',
  4  	  type => 'SNAPSHOT',
  5  	  sname => '"MBTA"',
  6  	  drop_objects => FALSE);
  7  END;
  8  /

PL/SQL procedure successfully completed.

SQL> BEGIN
  2  	DBMS_REPCAT.DROP_SNAPSHOT_REPOBJECT(
  3  	  oname => '"SDRELEASE_RELEASE"',
  4  	  type => 'SNAPSHOT',
  5  	  sname => '"MBTA"',
  6  	  drop_objects => FALSE);
  7  END;
  8  /

PL/SQL procedure successfully completed.

SQL> BEGIN
  2  	DBMS_REPCAT.DROP_SNAPSHOT_REPOBJECT(
  3  	  oname => '"STATIONCONTROLLER"',
  4  	  type => 'SNAPSHOT',
  5  	  sname => '"MBTA"',
  6  	  drop_objects => FALSE);
  7  END;
  8  /

PL/SQL procedure successfully completed.

SQL> BEGIN
  2  	DBMS_REPCAT.DROP_SNAPSHOT_REPOBJECT(
  3  	  oname => '"STATUSOPTIONS"',
  4  	  type => 'SNAPSHOT',
  5  	  sname => '"MBTA"',
  6  	  drop_objects => FALSE);
  7  END;
  8  /

PL/SQL procedure successfully completed.

SQL> BEGIN
  2  	DBMS_REPCAT.DROP_SNAPSHOT_REPOBJECT(
  3  	  oname => '"TABLEINFO"',
  4  	  type => 'SNAPSHOT',
  5  	  sname => '"MBTA"',
  6  	  drop_objects => FALSE);
  7  END;
  8  /

PL/SQL procedure successfully completed.

SQL> 
SQL> -- #50 ------------------------------------------
SQL> BEGIN
  2  	DBMS_REPCAT.DROP_SNAPSHOT_REPOBJECT(
  3  	  oname => '"TARIFFVERSIONS"',
  4  	  type => 'SNAPSHOT',
  5  	  sname => '"MBTA"',
  6  	  drop_objects => FALSE);
  7  END;
  8  /

PL/SQL procedure successfully completed.

SQL> BEGIN
  2  	DBMS_REPCAT.DROP_SNAPSHOT_REPOBJECT(
  3  	  oname => '"TVMFEPGROUP"',
  4  	  type => 'SNAPSHOT',
  5  	  sname => '"MBTA"',
  6  	  drop_objects => FALSE);
  7  END;
  8  /

PL/SQL procedure successfully completed.

SQL> BEGIN
  2  	DBMS_REPCAT.DROP_SNAPSHOT_REPOBJECT(
  3  	  oname => '"TVMGROUP"',
  4  	  type => 'SNAPSHOT',
  5  	  sname => '"MBTA"',
  6  	  drop_objects => FALSE);
  7  END;
  8  /

PL/SQL procedure successfully completed.

SQL> BEGIN
  2  	DBMS_REPCAT.DROP_SNAPSHOT_REPOBJECT(
  3  	  oname => '"TVMNETCONFGROUP"',
  4  	  type => 'SNAPSHOT',
  5  	  sname => '"MBTA"',
  6  	  drop_objects => FALSE);
  7  END;
  8  /

PL/SQL procedure successfully completed.

SQL> BEGIN
  2  	DBMS_REPCAT.DROP_SNAPSHOT_REPOBJECT(
  3  	  oname => '"TVMSCHEDULEGROUPELEMENT"',
  4  	  type => 'SNAPSHOT',
  5  	  sname => '"MBTA"',
  6  	  drop_objects => FALSE);
  7  END;
  8  /

PL/SQL procedure successfully completed.

SQL> 
SQL> -- #55 ------------------------------------------
SQL> BEGIN
  2  	DBMS_REPCAT.DROP_SNAPSHOT_REPOBJECT(
  3  	  oname => '"TVMSCHEDULEGROUPELEMENTS"',
  4  	  type => 'SNAPSHOT',
  5  	  sname => '"MBTA"',
  6  	  drop_objects => FALSE);
  7  END;
  8  /

PL/SQL procedure successfully completed.

SQL> BEGIN
  2  	DBMS_REPCAT.DROP_SNAPSHOT_REPOBJECT(
  3  	  oname => '"TVMSTATION"',
  4  	  type => 'SNAPSHOT',
  5  	  sname => '"MBTA"',
  6  	  drop_objects => FALSE);
  7  END;
  8  /

PL/SQL procedure successfully completed.

SQL> BEGIN
  2  	DBMS_REPCAT.DROP_SNAPSHOT_REPOBJECT(
  3  	  oname => '"TVMTABLE"',
  4  	  type => 'SNAPSHOT',
  5  	  sname => '"MBTA"',
  6  	  drop_objects => FALSE);
  7  END;
  8  /

PL/SQL procedure successfully completed.

SQL> BEGIN
  2  	DBMS_REPCAT.DROP_SNAPSHOT_REPOBJECT(
  3  	  oname => '"TVMVERSIONGROUP"',
  4  	  type => 'SNAPSHOT',
  5  	  sname => '"MBTA"',
  6  	  drop_objects => FALSE);
  7  END;
  8  /

PL/SQL procedure successfully completed.

SQL> BEGIN
  2  	DBMS_REPCAT.DROP_SNAPSHOT_REPOBJECT(
  3  	  oname => '"UNIQUENUMBERS"',
  4  	  type => 'SNAPSHOT',
  5  	  sname => '"MBTA"',
  6  	  drop_objects => FALSE);
  7  END;
  8  /

PL/SQL procedure successfully completed.

SQL> 
SQL> -- #60 ------------------------------------------
SQL> BEGIN
  2  	DBMS_REPCAT.DROP_SNAPSHOT_REPOBJECT(
  3  	  oname => '"USERDATA"',
  4  	  type => 'SNAPSHOT',
  5  	  sname => '"MBTA"',
  6  	  drop_objects => FALSE);
  7  END;
  8  /

PL/SQL procedure successfully completed.

SQL> BEGIN
  2  	DBMS_REPCAT.DROP_SNAPSHOT_REPOBJECT(
  3  	  oname => '"USERGROUPS"',
  4  	  type => 'SNAPSHOT',
  5  	  sname => '"MBTA"',
  6  	  drop_objects => FALSE);
  7  END;
  8  /

PL/SQL procedure successfully completed.

SQL> BEGIN
  2  	DBMS_REPCAT.DROP_SNAPSHOT_REPOBJECT(
  3  	  oname => '"VERSIONGROUPLIST"',
  4  	  type => 'SNAPSHOT',
  5  	  sname => '"MBTA"',
  6  	  drop_objects => FALSE);
  7  END;
  8  /

PL/SQL procedure successfully completed.

SQL> BEGIN
  2  	DBMS_REPCAT.DROP_SNAPSHOT_REPOBJECT(
  3  	  oname => '"VERSIONS"',
  4  	  type => 'SNAPSHOT',
  5  	  sname => '"MBTA"',
  6  	  drop_objects => FALSE);
  7  END;
  8  /

PL/SQL procedure successfully completed.

SQL> BEGIN
  2  	DBMS_REPCAT.DROP_SNAPSHOT_REPOBJECT(
  3  	  oname => '"WORKSTATIONGRP"',
  4  	  type => 'SNAPSHOT',
  5  	  sname => '"MBTA"',
  6  	  drop_objects => FALSE);
  7  END;
  8  /

PL/SQL procedure successfully completed.

SQL> 
SQL> -- #65 ------------------------------------------
SQL> BEGIN
  2  	DBMS_REPCAT.DROP_SNAPSHOT_REPOBJECT(
  3  	  oname => '"WORKSTATIONS"',
  4  	  type => 'SNAPSHOT',
  5  	  sname => '"MBTA"',
  6  	  drop_objects => FALSE);
  7  END;
  8  /

PL/SQL procedure successfully completed.

SQL> BEGIN
  2  	DBMS_REPCAT.DROP_SNAPSHOT_REPOBJECT(
  3  	  oname => '"WSGRPCONTENTS"',
  4  	  type => 'SNAPSHOT',
  5  	  sname => '"MBTA"',
  6  	  drop_objects => FALSE);
  7  END;
  8  /

PL/SQL procedure successfully completed.

SQL> 
SQL> 
SQL> -- Remove snapshot Group
SQL> -- =============================================
SQL> BEGIN
  2  	DBMS_REPCAT.DROP_SNAPSHOT_REPGROUP(
  3  	  gname => '"MBTA_REPG1"',
  4  	  drop_contents =>
  5  	     TRUE);
  6  END;
  7  /

PL/SQL procedure successfully completed.

SQL> 
SQL> 
SQL> spool off
