
SQL*Loader: Release 11.2.0.2.0 - Production on Tue Dec 4 11:20:19 2012

Copyright (c) 1982, 2009, Oracle and/or its affiliates.  All rights reserved.

Control File:   C:\MISC\ORACLE\SQL\PSoft\PSHrms\wrong_pay\wk4647_prod1.ctl
Data File:      C:\MISC\ORACLE\SQL\PSoft\PSHrms\wrong_pay\wk4647_prod1.csv
  Bad File:     C:\MISC\ORACLE\SQL\PSoft\PSHrms\wrong_pay\wk4647_prod1.bad
  Discard File:  none specified
 
 (Allow all discards)

Number to load: ALL
Number to skip: 1
Errors allowed: 1
Bind array:     64 rows, maximum of 256000 bytes
Continuation:    none specified
Path used:      Conventional

Table PROD, loaded from every logical record.
Insert option in effect for this table: TRUNCATE
TRAILING NULLCOLS option in effect

   Column Name                  Position   Len  Term Encl Datatype
------------------------------ ---------- ----- ---- ---- ---------------------
EARNP                               FIRST     *   ,  O(") CHARACTER            
    SQL string for column : "ltrim(rtrim(:earnp))"
EMPNOP                               NEXT     *   ,  O(") CHARACTER            
    SQL string for column : "ltrim(rtrim(:empnop))"
DATE1P                               NEXT     *   ,  O(") CHARACTER            
    SQL string for column : "ltrim(rtrim(:date1p))"
HRSP                                 NEXT     *   ,  O(") CHARACTER            
    SQL string for column : "ltrim(rtrim(:hrsp))"
RATEP                                NEXT     *   ,  O(") CHARACTER            
    SQL string for column : "ltrim(rtrim(:ratep))"
AMOUNTP                              NEXT     *   ,  O(") CHARACTER            
    SQL string for column : "ltrim(rtrim(:amountp))"


Table PROD:
  4644 Rows successfully loaded.
  0 Rows not loaded due to data errors.
  0 Rows not loaded because all WHEN clauses were failed.
  0 Rows not loaded because all fields were null.


Space allocated for bind array:                  99072 bytes(64 rows)
Read   buffer bytes: 1048576

Total logical records skipped:          1
Total logical records read:          4644
Total logical records rejected:         0
Total logical records discarded:        0

Run began on Tue Dec 04 11:20:19 2012
Run ended on Tue Dec 04 11:20:24 2012

Elapsed time was:     00:00:03.18
CPU time was:         00:00:00.13
